Release 14.2 Map P.28xd (nt)
Xilinx Mapping Report File for Design 'ex4_t'

Design Information
------------------
Command Line   : map -intstyle ise -p xc3s100e-cp132-5 -cm area -ir off -pr off
-c 100 -o ex4_t_map.ncd ex4_t.ngd ex4_t.pcf 
Target Device  : xc3s100e
Target Package : cp132
Target Speed   : -5
Mapper Version : spartan3e -- $Revision: 1.55 $
Mapped Date    : Sat Apr 18 19:11:57 2015

Design Summary
--------------
Number of errors:      0
Number of warnings:    0
Logic Utilization:
  Number of Slice Flip Flops:           148 out of   1,920    7%
  Number of 4 input LUTs:               989 out of   1,920   51%
Logic Distribution:
  Number of occupied Slices:            568 out of     960   59%
    Number of Slices containing only related logic:     568 out of     568 100%
    Number of Slices containing unrelated logic:          0 out of     568   0%
      *See NOTES below for an explanation of the effects of unrelated logic.
  Total Number of 4 input LUTs:       1,101 out of   1,920   57%
    Number used as logic:               989
    Number used as a route-thru:        112

  The Slice Logic Distribution report is not meaningful if the design is
  over-mapped for a non-slice resource or if Placement fails.

  Number of bonded IOBs:                 30 out of      83   36%
  Number of BUFGMUXs:                     2 out of      24    8%

Average Fanout of Non-Clock Nets:                3.65

Peak Memory Usage:  155 MB
Total REAL time to MAP completion:  2 secs 
Total CPU time to MAP completion:   2 secs 

NOTES:

   Related logic is defined as being logic that shares connectivity - e.g. two
   LUTs are "related" if they share common inputs.  When assembling slices,
   Map gives priority to combine logic that is related.  Doing so results in
   the best timing performance.

   Unrelated logic shares no connectivity.  Map will only begin packing
   unrelated logic into a slice once 99% of the slices are occupied through
   related logic packing.

   Note that once logic distribution reaches the 99% level through related
   logic packing, this does not mean the device is completely utilized.
   Unrelated logic packing will then begin, continuing until all usable LUTs
   and FFs are occupied.  Depending on your timing budget, increased levels of
   unrelated logic packing may adversely affect the overall timing performance
   of your design.

Table of Contents
-----------------
Section 1 - Errors
Section 2 - Warnings
Section 3 - Informational
Section 4 - Removed Logic Summary
Section 5 - Removed Logic
Section 6 - IOB Properties
Section 7 - RPMs
Section 8 - Guide Report
Section 9 - Area Group and Partition Summary
Section 10 - Timing Report
Section 11 - Configuration String Information
Section 12 - Control Set Information
Section 13 - Utilization by Hierarchy

Section 1 - Errors
------------------

Section 2 - Warnings
--------------------

Section 3 - Informational
-------------------------
INFO:MapLib:562 - No environment variables are currently set.
INFO:LIT:244 - All of the single ended outputs in this design are using slew
   rate limited output drivers. The delay on speed critical single ended outputs
   can be dramatically reduced by designating them as fast outputs.

Section 4 - Removed Logic Summary
---------------------------------
   2 block(s) optimized away

Section 5 - Removed Logic
-------------------------

Optimized Block(s):
TYPE 		BLOCK
GND 		XST_GND
VCC 		XST_VCC

To enable printing of redundant blocks removed and signals merged, set the
detailed map report option and rerun map.

Section 6 - IOB Properties
--------------------------

+---------------------------------------------------------------------------------------------------------------------------------------------------------+
| IOB Name                           | Type             | Direction | IO Standard          | Diff  | Drive    | Slew | Reg (s)      | Resistor | IOB      |
|                                    |                  |           |                      | Term  | Strength | Rate |              |          | Delay    |
+---------------------------------------------------------------------------------------------------------------------------------------------------------+
| a_to_g<0>                          | IOB              | OUTPUT    | LVCMOS25             |       | 12       | SLOW |              |          | 0 / 0    |
| a_to_g<1>                          | IOB              | OUTPUT    | LVCMOS25             |       | 12       | SLOW |              |          | 0 / 0    |
| a_to_g<2>                          | IOB              | OUTPUT    | LVCMOS25             |       | 12       | SLOW |              |          | 0 / 0    |
| a_to_g<3>                          | IOB              | OUTPUT    | LVCMOS25             |       | 12       | SLOW |              |          | 0 / 0    |
| a_to_g<4>                          | IOB              | OUTPUT    | LVCMOS25             |       | 12       | SLOW |              |          | 0 / 0    |
| a_to_g<5>                          | IOB              | OUTPUT    | LVCMOS25             |       | 12       | SLOW |              |          | 0 / 0    |
| a_to_g<6>                          | IOB              | OUTPUT    | LVCMOS25             |       | 12       | SLOW |              |          | 0 / 0    |
| ans<0>                             | IOB              | OUTPUT    | LVCMOS25             |       | 12       | SLOW |              |          | 0 / 0    |
| ans<1>                             | IOB              | OUTPUT    | LVCMOS25             |       | 12       | SLOW |              |          | 0 / 0    |
| ans<2>                             | IOB              | OUTPUT    | LVCMOS25             |       | 12       | SLOW |              |          | 0 / 0    |
| ans<3>                             | IOB              | OUTPUT    | LVCMOS25             |       | 12       | SLOW |              |          | 0 / 0    |
| clk                                | IBUF             | INPUT     | LVCMOS25             |       |          |      |              |          | 0 / 0    |
| light<0>                           | IOB              | OUTPUT    | LVCMOS25             |       | 12       | SLOW |              |          | 0 / 0    |
| light<1>                           | IOB              | OUTPUT    | LVCMOS25             |       | 12       | SLOW |              |          | 0 / 0    |
| light<2>                           | IOB              | OUTPUT    | LVCMOS25             |       | 12       | SLOW |              |          | 0 / 0    |
| light<3>                           | IOB              | OUTPUT    | LVCMOS25             |       | 12       | SLOW |              |          | 0 / 0    |
| light<4>                           | IOB              | OUTPUT    | LVCMOS25             |       | 12       | SLOW |              |          | 0 / 0    |
| light<5>                           | IOB              | OUTPUT    | LVCMOS25             |       | 12       | SLOW |              |          | 0 / 0    |
| light<6>                           | IOB              | OUTPUT    | LVCMOS25             |       | 12       | SLOW |              |          | 0 / 0    |
| light<7>                           | IOB              | OUTPUT    | LVCMOS25             |       | 12       | SLOW |              |          | 0 / 0    |
| switch1                            | IBUF             | INPUT     | LVCMOS25             |       |          |      |              |          | 0 / 0    |
| switch2                            | IBUF             | INPUT     | LVCMOS25             |       |          |      |              |          | 0 / 0    |
| switch5                            | IBUF             | INPUT     | LVCMOS25             |       |          |      |              |          | 0 / 0    |
| switch6                            | IBUF             | INPUT     | LVCMOS25             |       |          |      |              |          | 0 / 0    |
| switch7                            | IBUF             | INPUT     | LVCMOS25             |       |          |      |              |          | 0 / 0    |
| switch8                            | IBUF             | INPUT     | LVCMOS25             |       |          |      |              |          | 0 / 0    |
| temp_a                             | IBUF             | INPUT     | LVCMOS25             |       |          |      |              |          | 0 / 0    |
| temp_b                             | IBUF             | INPUT     | LVCMOS25             |       |          |      |              |          | 0 / 0    |
| temp_c                             | IBUF             | INPUT     | LVCMOS25             |       |          |      |              |          | 0 / 0    |
| temp_d                             | IBUF             | INPUT     | LVCMOS25             |       |          |      |              |          | 0 / 0    |
+---------------------------------------------------------------------------------------------------------------------------------------------------------+

Section 7 - RPMs
----------------

Section 8 - Guide Report
------------------------
Guide not run on this design.

Section 9 - Area Group and Partition Summary
--------------------------------------------

Partition Implementation Status
-------------------------------

  No Partitions were found in this design.

-------------------------------

Area Group Information
----------------------

  No area groups were found in this design.

----------------------

Section 10 - Timing Report
--------------------------
This design was not run using timing mode.

Section 11 - Configuration String Details
-----------------------------------------
Use the "-detail" map option to print out Configuration Strings

Section 12 - Control Set Information
------------------------------------
No control set information for this architecture.

Section 13 - Utilization by Hierarchy
-------------------------------------
Use the "-detail" map option to print out the Utilization by Hierarchy section.
